# JRE version: 6.0_32-b32
# Java VM: OpenJDK Client VM (23.25-b01 mixed mode, sharing linux-x86 )
Heap
 def new generation   total 12288K, used 2738K [0x62b40000, 0x63890000, 0x6d5e0000)
  eden space 10944K,  12% used [0x62b40000, 0x62c9c988, 0x635f0000)
  from space 1344K, 100% used [0x635f0000, 0x63740000, 0x63740000)
  to   space 1344K,   0% used [0x63740000, 0x63740000, 0x63890000)
 tenured generation   total 27328K, used 4938K [0x6d5e0000, 0x6f090000, 0x82b40000)
   the space 27328K,  18% used [0x6d5e0000, 0x6dab2b50, 0x6dab2c00, 0x6f090000)
 compacting perm gen  total 12288K, used 8161K [0x82b40000, 0x83740000, 0x92b40000)
   the space 12288K,  66% used [0x82b40000, 0x833384b0, 0x83338600, 0x83740000)
    ro space 10240K,  56% used [0x92b40000, 0x930dd488, 0x930dd600, 0x93540000)
    rw space 12288K,  60% used [0x93540000, 0x93c8e558, 0x93c8e600, 0x94140000)
GC Heap History (8 events):
Event: 0.290 GC heap before
{Heap before GC invocations=0 (full 0):
 def new generation   total 12288K, used 10944K [0x62b40000, 0x63890000, 0x6d5e0000)
  eden space 10944K, 100% used [0x62b40000, 0x635f0000, 0x635f0000)
  from space 1344K,   0% used [0x635f0000, 0x635f0000, 0x63740000)
  to   space 1344K,   0% used [0x63740000, 0x63740000, 0x63890000)
 tenured generation   total 27328K, used 0K [0x6d5e0000, 0x6f090000, 0x82b40000)
   the space 27328K,   0% used [0x6d5e0000, 0x6d5e0000, 0x6d5e0200, 0x6f090000)
 compacting perm gen  total 12288K, used 1292K [0x82b40000, 0x83740000, 0x92b40000)
   the space 12288K,  10% used [0x82b40000, 0x82c83300, 0x82c83400, 0x83740000)
    ro space 10240K,  56% used [0x92b40000, 0x930dd488, 0x930dd600, 0x93540000)
    rw space 12288K,  60% used [0x93540000, 0x93c8e558, 0x93c8e600, 0x94140000)
Event: 0.303 GC heap after
Heap after GC invocations=1 (full 0):
 def new generation   total 12288K, used 1317K [0x62b40000, 0x63890000, 0x6d5e0000)
  eden space 10944K,   0% used [0x62b40000, 0x62b40000, 0x635f0000)
  from space 1344K,  98% used [0x63740000, 0x63889598, 0x63890000)
  to   space 1344K,   0% used [0x635f0000, 0x635f0000, 0x63740000)
 tenured generation   total 27328K, used 0K [0x6d5e0000, 0x6f090000, 0x82b40000)
   the space 27328K,   0% used [0x6d5e0000, 0x6d5e0000, 0x6d5e0200, 0x6f090000)
 compacting perm gen  total 12288K, used 1292K [0x82b40000, 0x83740000, 0x92b40000)
   the space 12288K,  10% used [0x82b40000, 0x82c83300, 0x82c83400, 0x83740000)
    ro space 10240K,  56% used [0x92b40000, 0x930dd488, 0x930dd600, 0x93540000)
    rw space 12288K,  60% used [0x93540000, 0x93c8e558, 0x93c8e600, 0x94140000)
}
Event: 0.557 GC heap before
{Heap before GC invocations=1 (full 0):
 def new generation   total 12288K, used 12261K [0x62b40000, 0x63890000, 0x6d5e0000)
  eden space 10944K, 100% used [0x62b40000, 0x635f0000, 0x635f0000)
  from space 1344K,  98% used [0x63740000, 0x63889598, 0x63890000)
  to   space 1344K,   0% used [0x635f0000, 0x635f0000, 0x63740000)
 tenured generation   total 27328K, used 0K [0x6d5e0000, 0x6f090000, 0x82b40000)
   the space 27328K,   0% used [0x6d5e0000, 0x6d5e0000, 0x6d5e0200, 0x6f090000)
 compacting perm gen  total 12288K, used 2447K [0x82b40000, 0x83740000, 0x92b40000)
   the space 12288K,  19% used [0x82b40000, 0x82da3f00, 0x82da4000, 0x83740000)
    ro space 10240K,  56% used [0x92b40000, 0x930dd488, 0x930dd600, 0x93540000)
    rw space 12288K,  60% used [0x93540000, 0x93c8e558, 0x93c8e600, 0x94140000)
Event: 0.575 GC heap after
Heap after GC invocations=2 (full 0):
 def new generation   total 12288K, used 1344K [0x62b40000, 0x63890000, 0x6d5e0000)
  eden space 10944K,   0% used [0x62b40000, 0x62b40000, 0x635f0000)
  from space 1344K, 100% used [0x635f0000, 0x63740000, 0x63740000)
  to   space 1344K,   0% used [0x63740000, 0x63740000, 0x63890000)
 tenured generation   total 27328K, used 1894K [0x6d5e0000, 0x6f090000, 0x82b40000)
   the space 27328K,   6% used [0x6d5e0000, 0x6d7b9a58, 0x6d7b9c00, 0x6f090000)
 compacting perm gen  total 12288K, used 2447K [0x82b40000, 0x83740000, 0x92b40000)
   the space 12288K,  19% used [0x82b40000, 0x82da3f00, 0x82da4000, 0x83740000)
    ro space 10240K,  56% used [0x92b40000, 0x930dd488, 0x930dd600, 0x93540000)
    rw space 12288K,  60% used [0x93540000, 0x93c8e558, 0x93c8e600, 0x94140000)
}
Event: 0.946 GC heap before
{Heap before GC invocations=2 (full 0):
 def new generation   total 12288K, used 12288K [0x62b40000, 0x63890000, 0x6d5e0000)
  eden space 10944K, 100% used [0x62b40000, 0x635f0000, 0x635f0000)
  from space 1344K, 100% used [0x635f0000, 0x63740000, 0x63740000)
  to   space 1344K,   0% used [0x63740000, 0x63740000, 0x63890000)
 tenured generation   total 27328K, used 1894K [0x6d5e0000, 0x6f090000, 0x82b40000)
   the space 27328K,   6% used [0x6d5e0000, 0x6d7b9a58, 0x6d7b9c00, 0x6f090000)
 compacting perm gen  total 12288K, used 4483K [0x82b40000, 0x83740000, 0x92b40000)
   the space 12288K,  36% used [0x82b40000, 0x82fa0f70, 0x82fa1000, 0x83740000)
    ro space 10240K,  56% used [0x92b40000, 0x930dd488, 0x930dd600, 0x93540000)
    rw space 12288K,  60% used [0x93540000, 0x93c8e558, 0x93c8e600, 0x94140000)
Event: 0.967 GC heap after
Heap after GC invocations=3 (full 0):
 def new generation   total 12288K, used 1344K [0x62b40000, 0x63890000, 0x6d5e0000)
  eden space 10944K,   0% used [0x62b40000, 0x62b40000, 0x635f0000)
  from space 1344K, 100% used [0x63740000, 0x63890000, 0x63890000)
  to   space 1344K,   0% used [0x635f0000, 0x635f0000, 0x63740000)
 tenured generation   total 27328K, used 3151K [0x6d5e0000, 0x6f090000, 0x82b40000)
   the space 27328K,  11% used [0x6d5e0000, 0x6d8f3e78, 0x6d8f4000, 0x6f090000)
 compacting perm gen  total 12288K, used 4483K [0x82b40000, 0x83740000, 0x92b40000)
   the space 12288K,  36% used [0x82b40000, 0x82fa0f70, 0x82fa1000, 0x83740000)
    ro space 10240K,  56% used [0x92b40000, 0x930dd488, 0x930dd600, 0x93540000)
    rw space 12288K,  60% used [0x93540000, 0x93c8e558, 0x93c8e600, 0x94140000)
}
Event: 1.385 GC heap before
{Heap before GC invocations=3 (full 0):
 def new generation   total 12288K, used 12288K [0x62b40000, 0x63890000, 0x6d5e0000)
  eden space 10944K, 100% used [0x62b40000, 0x635f0000, 0x635f0000)
  from space 1344K, 100% used [0x63740000, 0x63890000, 0x63890000)
  to   space 1344K,   0% used [0x635f0000, 0x635f0000, 0x63740000)
 tenured generation   total 27328K, used 3151K [0x6d5e0000, 0x6f090000, 0x82b40000)
   the space 27328K,  11% used [0x6d5e0000, 0x6d8f3e78, 0x6d8f4000, 0x6f090000)
 compacting perm gen  total 12288K, used 7776K [0x82b40000, 0x83740000, 0x92b40000)
   the space 12288K,  63% used [0x82b40000, 0x832d8248, 0x832d8400, 0x83740000)
    ro space 10240K,  56% used [0x92b40000, 0x930dd488, 0x930dd600, 0x93540000)
    rw space 12288K,  60% used [0x93540000, 0x93c8e558, 0x93c8e600, 0x94140000)
Event: 1.403 GC heap after
Heap after GC invocations=4 (full 0):
 def new generation   total 12288K, used 1344K [0x62b40000, 0x63890000, 0x6d5e0000)
  eden space 10944K,   0% used [0x62b40000, 0x62b40000, 0x635f0000)
  from space 1344K, 100% used [0x635f0000, 0x63740000, 0x63740000)
  to   space 1344K,   0% used [0x63740000, 0x63740000, 0x63890000)
 tenured generation   total 27328K, used 4938K [0x6d5e0000, 0x6f090000, 0x82b40000)
   the space 27328K,  18% used [0x6d5e0000, 0x6dab2b50, 0x6dab2c00, 0x6f090000)
 compacting perm gen  total 12288K, used 7776K [0x82b40000, 0x83740000, 0x92b40000)
   the space 12288K,  63% used [0x82b40000, 0x832d8248, 0x832d8400, 0x83740000)
    ro space 10240K,  56% used [0x92b40000, 0x930dd488, 0x930dd600, 0x93540000)
    rw space 12288K,  60% used [0x93540000, 0x93c8e558, 0x93c8e600, 0x94140000)
}

